[2015.09.14-17.02.24:786][  0]Log file open, 09/14/15 19:02:24
[2015.09.14-17.02.24:786][  0]LogInit:Display: Running engine for game: EndlessSpace
[2015.09.14-17.02.24:786][  0]LogInit:Display: RandInit(-281079075) SRandInit(-281079074).
[2015.09.14-17.02.24:786][  0]LogTaskGraph: Started task graph with 4 named threads and 7 total threads.
[2015.09.14-17.02.24:786][  0]LogStats: Stats thread started at 0.072520
[2015.09.14-17.02.24:786][  0]LogInit: Version: 4.9.0-2672455+++depot+UE4-Releases+4.9
[2015.09.14-17.02.24:786][  0]LogInit: API Version: 2672455
[2015.09.14-17.02.24:786][  0]LogInit: Compiled (64-bit): Aug 28 2015 12:33:01
[2015.09.14-17.02.24:786][  0]LogInit: Compiled with Visual C++: 18.00.21005.01
[2015.09.14-17.02.24:786][  0]LogInit: Build Configuration: Development
[2015.09.14-17.02.24:786][  0]LogInit: Branch Name: ++depot+UE4-Releases+4.9
[2015.09.14-17.02.24:786][  0]LogInit: Command line:  
[2015.09.14-17.02.24:786][  0]LogInit: Base directory: P:/Program Files/Epic Games/4.9/Engine/Binaries/Win64/
[2015.09.14-17.02.24:786][  0]LogInit: Rocket: 1
[2015.09.14-17.02.24:792][  0]LogInit: Using libcurl 7.41.0
[2015.09.14-17.02.24:792][  0]LogInit:  - built for x86_64-pc-win32
[2015.09.14-17.02.24:792][  0]LogInit:  - supports SSL with WinSSL
[2015.09.14-17.02.24:792][  0]LogInit:  - other features:
[2015.09.14-17.02.24:792][  0]LogInit:      CURL_VERSION_SSL
[2015.09.14-17.02.24:792][  0]LogInit:      CURL_VERSION_IPV6
[2015.09.14-17.02.24:792][  0]LogInit:      CURL_VERSION_ASYNCHDNS
[2015.09.14-17.02.24:792][  0]LogInit:      CURL_VERSION_LARGEFILE
[2015.09.14-17.02.24:792][  0]LogInit:      CURL_VERSION_IDN
[2015.09.14-17.02.24:792][  0]LogInit:  CurlRequestOptions (configurable via config and command line):
[2015.09.14-17.02.24:792][  0]LogInit:  - bVerifyPeer = true  - Libcurl will verify peer certificate
[2015.09.14-17.02.24:792][  0]LogInit:  - bUseHttpProxy = false  - Libcurl will NOT use HTTP proxy
[2015.09.14-17.02.24:792][  0]LogInit:  - bDontReuseConnections = false  - Libcurl will reuse connections
[2015.09.14-17.02.24:792][  0]LogInit:  - CertBundlePath = nullptr  - Libcurl will use whatever was configured at build time.
[2015.09.14-17.02.24:798][  0]LogInit: Presizing for 0 objects not considered by GC, pre-allocating 0 bytes.
[2015.09.14-17.02.24:806][  0]LogInit: Object subsystem initialized
[2015.09.14-17.02.24:807][  0]LogInit: Selected Device Profile: [Windows]
[2015.09.14-17.02.24:807][  0]LogInit: Applying CVar settings loaded from the selected device profile: [Windows]
[2015.09.14-17.02.24:816][  0]LogInit: Computer: DESKTOP-VNMQE08
[2015.09.14-17.02.24:816][  0]LogInit: User: onsbe
[2015.09.14-17.02.24:816][  0]LogInit: CPU Page size=4096, Cores=4
[2015.09.14-17.02.24:816][  0]LogInit: High frequency timer resolution =3.312791 MHz
[2015.09.14-17.02.24:816][  0]LogMemory: Memory total: Physical=10.0GB (10GB approx)
[2015.09.14-17.02.24:816][  0]LogMemory: Platform Memory Stats for Windows
[2015.09.14-17.02.24:816][  0]LogMemory: Process Physical Memory: 54.32 MB used, 54.32 MB peak
[2015.09.14-17.02.24:816][  0]LogMemory: Process Virtual Memory: 55.33 MB used, 55.33 MB peak
[2015.09.14-17.02.24:816][  0]LogMemory: Physical Memory: 5095.52 MB used, 10220.29 MB total
[2015.09.14-17.02.24:816][  0]LogMemory: Virtual Memory: 364.61 MB used, 134217728.00 MB total
[2015.09.14-17.02.24:850][  0]LogTextLocalizationManager: No translations for ('da-DK') exist, falling back to 'en' for localization and internationalization data.
[2015.09.14-17.02.25:632][  0]LogD3D11RHI: Found D3D11 adapter 0: NVIDIA GeForce GTX 770 (Feature Level 11_0)
[2015.09.14-17.02.25:632][  0]LogD3D11RHI: Adapter has 4026MB of dedicated video memory, 0MB of dedicated system memory, and 5110MB of shared system memory, 3 output[s]
[2015.09.14-17.02.25:634][  0]LogD3D11RHI: Found D3D11 adapter 1: Microsoft Basic Render Driver (Feature Level 11_0)
[2015.09.14-17.02.25:634][  0]LogD3D11RHI: Adapter has 0MB of dedicated video memory, 0MB of dedicated system memory, and 5110MB of shared system memory, 0 output[s]
[2015.09.14-17.02.25:634][  0]LogD3D11RHI: Chosen D3D11 Adapter Id = 0
[2015.09.14-17.02.25:638][  0]LogD3D11RHI: !Direct3DDevice
[2015.09.14-17.02.25:638][  0]LogRHI: Texture pool is 1361 MB (70% of 1945 MB)
[2015.09.14-17.02.25:653][  0]LogD3D11RHI: Async texture creation enabled
[2015.09.14-17.02.25:671][  0]LogShaderCompilers: Guid format shader working directory is 14 characters bigger than the processId version (../../../../../../GitHub/EndlessSpace/EndlessSpace/Intermediate/Shaders/WorkingDirectory/11408/).
[2015.09.14-17.02.25:671][  0]LogShaderCompilers: Cleaned the shader compiler working directory '../../../../../../GitHub/EndlessSpace/EndlessSpace/Intermediate/Shaders/tmp/EAA589054D59941425C1169F1DD0F5EE/'.
[2015.09.14-17.02.25:671][  0]LogShaderCompilers:Display: Using Local Shader Compiler.
[2015.09.14-17.02.26:832][  0]LogTemp:Display: Loaded TP AllDesktopTargetPlatform
[2015.09.14-17.02.26:836][  0]LogTemp:Display: Loaded TP WindowsClientTargetPlatform
[2015.09.14-17.02.26:841][  0]LogTemp:Display: Loaded TP WindowsNoEditorTargetPlatform
[2015.09.14-17.02.26:846][  0]LogTemp:Display: Loaded TP WindowsServerTargetPlatform
[2015.09.14-17.02.26:850][  0]LogTemp:Display: Loaded TP WindowsTargetPlatform
[2015.09.14-17.02.26:854][  0]LogTemp:Display: Loaded TP AndroidTargetPlatform
[2015.09.14-17.02.26:857][  0]LogTemp:Display: Loaded TP Android_ASTCTargetPlatform
[2015.09.14-17.02.26:860][  0]LogTemp:Display: Loaded TP Android_ATCTargetPlatform
[2015.09.14-17.02.26:863][  0]LogTemp:Display: Loaded TP Android_DXTTargetPlatform
[2015.09.14-17.02.26:867][  0]LogTemp:Display: Loaded TP Android_ETC1TargetPlatform
[2015.09.14-17.02.26:870][  0]LogTemp:Display: Loaded TP Android_ETC2TargetPlatform
[2015.09.14-17.02.26:873][  0]LogTemp:Display: Loaded TP Android_PVRTCTargetPlatform
[2015.09.14-17.02.26:874][  0]LogTemp:Display: Loaded TP HTML5TargetPlatform
[2015.09.14-17.02.26:890][  0]LogTemp:Display: Loaded TP IOSTargetPlatform
[2015.09.14-17.02.26:893][  0]LogTemp:Display: Loaded TP LinuxNoEditorTargetPlatform
[2015.09.14-17.02.26:896][  0]LogTemp:Display: Loaded TP LinuxServerTargetPlatform
[2015.09.14-17.02.26:900][  0]LogTemp:Display: Loaded TP LinuxTargetPlatform
[2015.09.14-17.02.26:900][  0]LogTargetPlatformManager:Display: Building Assets For Windows
[2015.09.14-17.02.26:970][  0]LogDerivedDataCache:Display: Max Cache Size: 512 MB
[2015.09.14-17.02.27:018][  0]LogDerivedDataCache: Loaded boot cache 0.05s 41MB C:/Users/onsbe/AppData/Local/UnrealEngine/4.9/DerivedDataCache/Boot.ddc.
[2015.09.14-17.02.27:018][  0]LogDerivedDataCache:Display: Loaded Boot cache: C:/Users/onsbe/AppData/Local/UnrealEngine/4.9/DerivedDataCache/Boot.ddc
[2015.09.14-17.02.27:018][  0]LogDerivedDataCache: FDerivedDataBackendGraph:  Pak pak cache file ../../../../../../GitHub/EndlessSpace/EndlessSpace/DerivedDataCache/DDC.ddp not found, will not use a pak cache.
[2015.09.14-17.02.27:018][  0]LogDerivedDataCache: Unable to find inner node Pak for hierarchical cache Hierarchy.
[2015.09.14-17.02.27:018][  0]LogDerivedDataCache: FDerivedDataBackendGraph:  CompressedPak pak cache file ../../../../../../GitHub/EndlessSpace/EndlessSpace/DerivedDataCache/Compressed.ddp not found, will not use a pak cache.
[2015.09.14-17.02.27:018][  0]LogDerivedDataCache: Unable to find inner node CompressedPak for hierarchical cache Hierarchy.
[2015.09.14-17.02.27:164][  0]LogDerivedDataCache:Display: Pak cache opened for reading ../../../Engine/DerivedDataCache/Compressed.ddp.
[2015.09.14-17.02.27:176][  0]LogDerivedDataCache: Using Local data cache path C:/Users/onsbe/AppData/Local/UnrealEngine/Common/DerivedDataCache: Writable
[2015.09.14-17.02.27:363][  0]LogInit: Selected Device Profile: [Windows]
[2015.09.14-17.02.27:365][  0]LogContentStreaming: Texture pool size is 0.000000MB
[2015.09.14-17.02.27:506][  0]LogMeshUtilities: No automatic mesh reduction module available
[2015.09.14-17.02.27:506][  0]LogMeshUtilities: No automatic mesh merging module available
[2015.09.14-17.02.27:759][  0]LogInit: WinSock: version 1.1 (2.2), MaxSocks=32767, MaxUdp=65467
[2015.09.14-17.02.28:475][  0]UdpMessaging: Initializing bridge on interface 0.0.0.0:0 to multicast group 230.0.0.1:6666.
[2015.09.14-17.02.28:587][  0]LogAssetRegistry: FAssetRegistry took 0.0111 seconds to start up
[2015.09.14-17.02.28:750][  0]SourceControl: Info Source control is disabled
[2015.09.14-17.02.28:761][  0]SourceControl: Info Source control is disabled
[2015.09.14-17.02.28:772][  0]SourceControl: Info Source control is disabled
[2015.09.14-17.02.28:780][  0]SourceControl: Info Source control is disabled
[2015.09.14-17.02.28:902][  0]LogLinker:Warning: Asset '../../../Engine/Plugins/Runtime/LeapMotionController/Content/LM_PassthroughMaterial.uasset' has been saved with empty engine version. The asset will be loaded but may be incompatible.
[2015.09.14-17.02.28:969][  0]LogObj: 28361 objects as part of root set at end of initial load.
[2015.09.14-17.02.28:969][  0]LogUObjectAllocator: 6038864 out of 0 bytes used by permanent object pool.
[2015.09.14-17.02.29:026][  0]LogEngine: Initializing Engine...
[2015.09.14-17.02.29:028][  0]LogHMD: Can't find Oculus library dev build: is proper Runtime installed? Version: 0.6.0.0
[2015.09.14-17.02.29:032][  0]LogHMD: SteamVR failed to initialize.  Err: 108
[2015.09.14-17.02.29:157][  0]LogAIModule: Creating AISystem for world NewWorld
[2015.09.14-17.02.29:162][  0]LogInit: XAudio2 using 'Speakers (Realtek High Definition Audio)' : 2 channels at 48 kHz using 32 bits per sample (channel mask 0x3)
[2015.09.14-17.02.29:172][  0]LogInit: FAudioDevice initialized.
[2015.09.14-17.02.29:196][  0]LogDerivedDataCache: Saved boot cache 0.02s 41MB C:/Users/onsbe/AppData/Local/UnrealEngine/4.9/DerivedDataCache/Boot.ddc.
[2015.09.14-17.02.29:203][  0]LogInit: Texture streaming: Enabled
[2015.09.14-17.02.29:209][  0]LogAnalytics: Creating configured Analytics provider AnalyticsET
[2015.09.14-17.02.29:209][  0]LogAnalytics: [UEEditor.Rocket.Release] APIServer = http://et2.epicgames.com/ET2/. AppVersion = 4.9.0-2672455+++depot+UE4-Releases+4.9
[2015.09.14-17.02.29:209][  0]LogAnalytics: [UEEditor.Rocket.Release] SetUserId 45335c0f46cf75e1b71a85a5ad7b04f4|6ce5f8b521c2485a8192789e2da115f6|e4661b30-24d8-4e3a-8749-a627bb396984
[2015.09.14-17.02.29:209][  0]LogAnalytics: [UEEditor.Rocket.Release] AnalyticsET::StartSession
[2015.09.14-17.02.29:221][  0]LogWindowsTextInputMethodSystem:Display: IME system now deactivated.
[2015.09.14-17.02.29:221][  0]LogWindowsTextInputMethodSystem:Display: IME system now deactivated.
[2015.09.14-17.02.29:239][  0]LogInit: Transaction tracking system initialized
[2015.09.14-17.02.29:263][  0]BlueprintLog: New page: Editor Load
[2015.09.14-17.02.29:671][  0]LocalizationService: Info Localization service is disabled
[2015.09.14-17.02.29:731][  0]LogConsoleResponse:Display: 
[2015.09.14-17.02.29:848][  0]LogCook:Display: Done creating registry. It took  0.00s.
[2015.09.14-17.02.29:897][  0]LogFileCache: Scanning file cache for directory 'P:/GitHub/EndlessSpace/EndlessSpace/Content/' took 0.01s
[2015.09.14-17.02.29:897][  0]SourceControl: Info Source control is disabled
[2015.09.14-17.02.29:897][  0]Cmd: MAP LOAD FILE="../../../Engine/Content/Maps/Templates/Template_Default.umap" TEMPLATE=1 SHOWPROGRESS=1 FEATURELEVEL=3
[2015.09.14-17.02.29:897][  0]LightingResults: New page: Lighting Build
[2015.09.14-17.02.29:900][  0]MapCheck: New page: Map Check
[2015.09.14-17.02.29:900][  0]LightingResults: New page: Lighting Build
[2015.09.14-17.02.29:912][  0]LogParticles: Destroying 0 GPU particle simulations for FXSystem 0x0000004E03E484A0
[2015.09.14-17.02.30:224][  0]LogAIModule: Creating AISystem for world Untitled_1
[2015.09.14-17.02.30:231][  0]LogEditorServer: Finished looking for orphan Actors (0.000 secs)
[2015.09.14-17.02.30:237][  0]Cmd: MAP CHECKDEP NOCLEARLOG
[2015.09.14-17.02.30:286][  0]MapCheck: Info Map check complete: 0 Error(s), 0 Warning(s), took 48.881ms to complete.
[2015.09.14-17.02.30:286][  0]LogFileHelpers: Loading map 'Template_Default' took 0.389
[2015.09.14-17.02.30:424][  0]LogCollectionManager: Loaded 0 collections in 0.001531 seconds
[2015.09.14-17.02.30:469][  0]LogFileCache: Scanning file cache for directory 'P:/GitHub/EndlessSpace/EndlessSpace/Saved/Collections/' took 0.01s
[2015.09.14-17.02.30:469][  0]LogFileCache: Scanning file cache for directory 'P:/GitHub/EndlessSpace/EndlessSpace/Content/Developers/onsbe/Collections/' took 0.01s
[2015.09.14-17.02.30:469][  0]LogFileCache: Scanning file cache for directory 'P:/GitHub/EndlessSpace/EndlessSpace/Content/Collections/' took 0.01s
[2015.09.14-17.02.30:469][  0]LogContentBrowser: Native class hierarchy populated in 0.0102 seconds. Added 1867 classes and 333 folders.
[2015.09.14-17.02.30:482][  0]LogCollectionManager: Rebuilt the GUID cache for 0 collections in 0.000003 seconds
[2015.09.14-17.02.30:487][  0]LogContentBrowser: Native class hierarchy updated for 'WidgetCarousel' in 0.0003 seconds. Added 0 classes and 0 folders.
[2015.09.14-17.02.30:537][  0]LogContentBrowser: Native class hierarchy updated for 'AddContentDialog' in 0.0004 seconds. Added 0 classes and 0 folders.
[2015.09.14-17.02.30:540][  0]LogContentBrowser: Native class hierarchy updated for 'SceneOutliner' in 0.0006 seconds. Added 1 classes and 2 folders.
[2015.09.14-17.02.30:573][  0]LogCrashTracker: Crashtracker disabled due to settings.
[2015.09.14-17.02.30:598][  0]LogUObjectGlobals:Warning: Failed to find object 'Class None.'
[2015.09.14-17.02.30:620][  0]LogLoad: Full Startup: 6.37 seconds (BP compile: 0.05 seconds)
[2015.09.14-17.02.30:669][  0]LogContentStreaming: Texture pool size now 1000 MB
[2015.09.14-17.02.30:829][  0]LogRenderer: Reallocating scene render targets to support 1208x548 (Frame:2).
[2015.09.14-17.02.31:017][  3]LogAssetRegistry: Asset discovery search completed in 2.4420 seconds
[2015.09.14-17.02.31:018][  3]LogCollectionManager: Rebuilt the object cache for 0 collections in 0.000001 seconds (found 0 objects)
[2015.09.14-17.02.31:018][  3]LogCollectionManager: Fixed up redirectors for 0 collections in 0.000033 seconds (updated 0 objects)
[2015.09.14-17.09.23:557][564]LogLinker:Warning: Asset '../../../Engine/Content/ArtTools/RenderToTexture/Macros/RenderToTextureMacros.uasset' has been saved with empty engine version. The asset will be loaded but may be incompatible.
[2015.09.14-17.09.24:327][564]LogContentBrowser: Native class hierarchy updated for 'BlueprintGraph' in 0.0009 seconds. Added 107 classes and 0 folders.
[2015.09.14-17.09.25:336][564]LogRenderer: Reallocating scene render targets to support 1208x712 (Frame:8934).
[2015.09.14-17.09.28:068][773]Cmd: OBJ SAVEPACKAGE PACKAGE="/Game/Blueprints/PlayerShip_BP" FILE="../../../../../../GitHub/EndlessSpace/EndlessSpace/Content/Blueprints/PlayerShip_BP.uasset" SILENT=true
[2015.09.14-17.09.28:091][773]LogSavePackage: Save=21.100033ms
[2015.09.14-17.09.28:091][773]LogSavePackage: Moving '../../../../../../GitHub/EndlessSpace/EndlessSpace/Saved/PlayerShip_BP06FB901149B0A04CF52E58BB5542CDBA.tmp' to '../../../../../../GitHub/EndlessSpace/EndlessSpace/Content/Blueprints/PlayerShip_BP.uasset'
[2015.09.14-17.09.28:093][773]LogSavePackage: Total save time: 22.946816ms
[2015.09.14-17.09.28:093][773]LogSavePackage:Warning: Finished SavePackage ../../../../../../GitHub/EndlessSpace/EndlessSpace/Content/Blueprints/PlayerShip_BP.uasset
[2015.09.14-17.09.33:268][274]LightingResults: New page: Lighting Build
[2015.09.14-17.09.33:269][274]MapCheck: New page: Map Check
[2015.09.14-17.09.33:269][274]LightingResults: New page: Lighting Build
[2015.09.14-17.09.33:289][274]LogParticles: Destroying 0 GPU particle simulations for FXSystem 0x0000004E67D53740
[2015.09.14-17.09.33:333][274]LogAIModule: Creating AISystem for world NewWorld
[2015.09.14-17.09.33:337][274]LoadErrors: New page: New Map
[2015.09.14-17.10.15:172][ 51]Cmd: OBJ SAVEPACKAGE PACKAGE="/Game/Maps/DevMap_01" FILE="../../../../../../GitHub/EndlessSpace/EndlessSpace/Content/Maps/DevMap_01.umap" SILENT=true AUTOSAVING=false KEEPDIRTY=false
[2015.09.14-17.10.15:223][ 51]LogSavePackage: Save=10.201670ms
[2015.09.14-17.10.15:223][ 51]LogSavePackage: Moving '../../../../../../GitHub/EndlessSpace/EndlessSpace/Saved/DevMap_0180A18C114B0A525CC07A70993EF01138.tmp' to '../../../../../../GitHub/EndlessSpace/EndlessSpace/Content/Maps/DevMap_01.umap'
[2015.09.14-17.10.15:224][ 51]LogSavePackage: Total save time: 11.125363ms
[2015.09.14-17.10.15:224][ 51]LogSavePackage:Warning: Finished SavePackage ../../../../../../GitHub/EndlessSpace/EndlessSpace/Content/Maps/DevMap_01.umap
[2015.09.14-17.10.15:256][ 51]LogFileHelpers: Saving map 'DevMap_01' took 0.371
[2015.09.14-17.11.06:518][966]LogActorComponent: UnregisterComponent: (/Engine/Transient.CharMoveComp) Not registered. Aborting.
[2015.09.14-17.11.12:582][966]LogParticles: Destroying 0 GPU particle simulations for FXSystem 0x0000004E7432B560
[2015.09.14-17.12.18:544][343]Cmd: OBJ SAVEPACKAGE PACKAGE="/Game/Blueprints/PlayerController_BP" FILE="../../../../../../GitHub/EndlessSpace/EndlessSpace/Content/Blueprints/PlayerController_BP.uasset" SILENT=true
[2015.09.14-17.12.18:558][343]LogSavePackage: Save=13.133638ms
[2015.09.14-17.12.18:558][343]LogSavePackage: Moving '../../../../../../GitHub/EndlessSpace/EndlessSpace/Saved/PlayerController_BP40B605EB4EA6317C73C9BD93067E144D.tmp' to '../../../../../../GitHub/EndlessSpace/EndlessSpace/Content/Blueprints/PlayerController_BP.uasset'
[2015.09.14-17.12.18:559][343]LogSavePackage: Total save time: 14.844283ms
[2015.09.14-17.12.18:559][343]LogSavePackage:Warning: Finished SavePackage ../../../../../../GitHub/EndlessSpace/EndlessSpace/Content/Blueprints/PlayerController_BP.uasset
[2015.09.14-17.12.18:566][343]Cmd: OBJ SAVEPACKAGE PACKAGE="/Game/Blueprints/PlayerShip_BP" FILE="../../../../../../GitHub/EndlessSpace/EndlessSpace/Content/Blueprints/PlayerShip_BP.uasset" SILENT=true
[2015.09.14-17.12.18:578][343]LogSavePackage: Save=11.041143ms
[2015.09.14-17.12.18:578][343]LogSavePackage: Moving '../../../../../../GitHub/EndlessSpace/EndlessSpace/Saved/PlayerShip_BPBFE1DF0B45A388FDFA5659B978E54690.tmp' to '../../../../../../GitHub/EndlessSpace/EndlessSpace/Content/Blueprints/PlayerShip_BP.uasset'
[2015.09.14-17.12.18:580][343]LogSavePackage: Total save time: 13.017423ms
[2015.09.14-17.12.18:580][343]LogSavePackage:Warning: Finished SavePackage ../../../../../../GitHub/EndlessSpace/EndlessSpace/Content/Blueprints/PlayerShip_BP.uasset
[2015.09.14-17.12.32:109][925]BlueprintLog: New page: Compile PlayerShip_BP
[2015.09.14-17.12.32:175][925]BlueprintEditorCompileResults: Info [0607.92] Compile of PlayerShip_BP successful! [in 65 ms]
[2015.09.14-17.12.41:899][ 39]Cmd: OBJ SAVEPACKAGE PACKAGE="/Game/Maps/DevMap_01" FILE="../../../../../../GitHub/EndlessSpace/EndlessSpace/Content/Maps/DevMap_01.umap" SILENT=true AUTOSAVING=false KEEPDIRTY=false
[2015.09.14-17.12.41:937][ 39]LogSavePackage: Save=11.548268ms
[2015.09.14-17.12.41:938][ 39]LogSavePackage: Moving '../../../../../../GitHub/EndlessSpace/EndlessSpace/Saved/DevMap_016DE84FF04D2767B7C3D0A08CC1A29FAB.tmp' to '../../../../../../GitHub/EndlessSpace/EndlessSpace/Content/Maps/DevMap_01.umap'
[2015.09.14-17.12.41:939][ 39]LogSavePackage: Total save time: 15.115958ms
[2015.09.14-17.12.41:939][ 39]LogSavePackage:Warning: Finished SavePackage ../../../../../../GitHub/EndlessSpace/EndlessSpace/Content/Maps/DevMap_01.umap
[2015.09.14-17.12.41:968][ 39]LogFileHelpers: Saving map 'DevMap_01' took 0.128
[2015.09.14-17.12.41:990][ 39]Cmd: OBJ SAVEPACKAGE PACKAGE="/Game/Blueprints/PlayerShip_BP" FILE="../../../../../../GitHub/EndlessSpace/EndlessSpace/Content/Blueprints/PlayerShip_BP.uasset" SILENT=true
[2015.09.14-17.12.42:014][ 39]LogSavePackage: Save=19.247215ms
[2015.09.14-17.12.42:014][ 39]LogSavePackage: Moving '../../../../../../GitHub/EndlessSpace/EndlessSpace/Saved/PlayerShip_BP4D3D358E42DA90B9A9919BB389385DEB.tmp' to '../../../../../../GitHub/EndlessSpace/EndlessSpace/Content/Blueprints/PlayerShip_BP.uasset'
[2015.09.14-17.12.42:015][ 39]LogSavePackage: Total save time: 24.234250ms
[2015.09.14-17.12.42:015][ 39]LogSavePackage:Warning: Finished SavePackage ../../../../../../GitHub/EndlessSpace/EndlessSpace/Content/Blueprints/PlayerShip_BP.uasset
[2015.09.14-17.12.45:605][439]LogActorComponent: UnregisterComponent: (/Engine/Transient.EditorFloorComp) Not registered. Aborting.
[2015.09.14-17.12.45:655][439]LogWindowsTextInputMethodSystem:Display: IME system now deactivated.
[2015.09.14-17.12.45:655][439]LogWindowsTextInputMethodSystem:Display: IME system now deactivated.
[2015.09.14-17.12.45:922][440]Cmd: QUIT_EDITOR
[2015.09.14-17.12.46:182][440]LogExit: Preparing to exit.
[2015.09.14-17.12.46:792][440]LogExit: Editor shut down
[2015.09.14-17.12.46:793][440]LogExit: Transaction tracking system shut down
[2015.09.14-17.12.46:795][440]LogParticles: Destroying 0 GPU particle simulations for FXSystem 0x0000004E675CB7E0
[2015.09.14-17.12.46:795][440]LogParticles: Destroying 0 GPU particle simulations for FXSystem 0x0000004E74666A20
[2015.09.14-17.12.46:795][440]LogParticles: Destroying 0 GPU particle simulations for FXSystem 0x0000004E742999E0
[2015.09.14-17.12.46:795][440]LogParticles: Destroying 0 GPU particle simulations for FXSystem 0x0000004E74329260
[2015.09.14-17.12.46:799][440]LogParticles: Destroying 0 GPU particle simulations for FXSystem 0x0000004E2E4A22A0
[2015.09.14-17.12.46:799][440]LogParticles: Destroying 0 GPU particle simulations for FXSystem 0x0000004E2E509C60
[2015.09.14-17.12.46:800][440]LogParticles: Destroying 0 GPU particle simulations for FXSystem 0x0000004E2E712C00
[2015.09.14-17.12.46:990][440]LogExit: Object subsystem successfully closed.
[2015.09.14-17.12.47:006][440]LogD3D11RHI: Shutdown
[2015.09.14-17.12.47:006][440]LogD3D11RHI: CleanupD3DDevice
[2015.09.14-17.12.47:067][440]LogD3D11RHI: ~FD3D11DynamicRHI
[2015.09.14-17.12.47:082][440]LogModuleManager: Shutting down and abandoning module NewLevelDialog (200)
[2015.09.14-17.12.47:082][440]LogModuleManager: Shutting down and abandoning module BlueprintGraph (199)
[2015.09.14-17.12.47:082][440]LogModuleManager: Shutting down and abandoning module ExternalImagePicker (198)
[2015.09.14-17.12.47:082][440]LogModuleManager: Shutting down and abandoning module CrashTracker (197)
[2015.09.14-17.12.47:082][440]LogModuleManager: Shutting down and abandoning module SceneOutliner (196)
[2015.09.14-17.12.47:082][440]LogModuleManager: Shutting down and abandoning module SuperSearch (195)
[2015.09.14-17.12.47:082][440]LogModuleManager: Shutting down and abandoning module WidgetCarousel (194)
[2015.09.14-17.12.47:082][440]LogModuleManager: Shutting down and abandoning module AddContentDialog (193)
[2015.09.14-17.12.47:084][440]LogModuleManager: Shutting down and abandoning module EditorWidgets (192)
[2015.09.14-17.12.47:084][440]LogModuleManager: Shutting down and abandoning module CollectionManager (191)
[2015.09.14-17.12.47:084][440]LogModuleManager: Shutting down and abandoning module StatsViewer (190)
[2015.09.14-17.12.47:084][440]LogModuleManager: Shutting down and abandoning module FoliageEdit (189)
[2015.09.14-17.12.47:084][440]LogModuleManager: Shutting down and abandoning module LandscapeEditor (188)
[2015.09.14-17.12.47:084][440]LogModuleManager: Shutting down and abandoning module ActorPickerMode (187)
[2015.09.14-17.12.47:084][440]LogModuleManager: Shutting down and abandoning module GeometryMode (186)
[2015.09.14-17.12.47:084][440]LogModuleManager: Shutting down and abandoning module TextureAlignMode (185)
[2015.09.14-17.12.47:084][440]LogModuleManager: Shutting down and abandoning module BspMode (184)
[2015.09.14-17.12.47:084][440]LogModuleManager: Shutting down and abandoning module PlacementMode (183)
[2015.09.14-17.12.47:084][440]LogModuleManager: Shutting down and abandoning module AutomationWorker (182)
[2015.09.14-17.12.47:084][440]LogModuleManager: Shutting down and abandoning module CharacterAI (181)
[2015.09.14-17.12.47:084][440]LogModuleManager: Shutting down and abandoning module SmartSnapping (180)
[2015.09.14-17.12.47:084][440]LogModuleManager: Shutting down and abandoning module ViewportSnapping (179)
[2015.09.14-17.12.47:084][440]LogModuleManager: Shutting down and abandoning module LogVisualizer (178)
[2015.09.14-17.12.47:084][440]LogModuleManager: Shutting down and abandoning module GameProjectGeneration (177)
[2015.09.14-17.12.47:084][440]LogModuleManager: Shutting down and abandoning module IntroTutorials (176)
[2015.09.14-17.12.47:085][440]LogModuleManager: Shutting down and abandoning module EditorLiveStreaming (175)
[2015.09.14-17.12.47:085][440]LogModuleManager: Shutting down and abandoning module IOSPlatformEditor (174)
[2015.09.14-17.12.47:085][440]LogModuleManager: Shutting down and abandoning module HTML5PlatformEditor (173)
[2015.09.14-17.12.47:085][440]LogModuleManager: Shutting down and abandoning module AndroidDeviceDetection (172)
[2015.09.14-17.12.48:001][440]LogModuleManager: Shutting down and abandoning module AndroidPlatformEditor (171)
[2015.09.14-17.12.48:001][440]LogModuleManager: Shutting down and abandoning module IOSRuntimeSettings (170)
[2015.09.14-17.12.48:001][440]LogModuleManager: Shutting down and abandoning module AndroidRuntimeSettings (169)
[2015.09.14-17.12.48:001][440]LogModuleManager: Shutting down and abandoning module MergeActors (168)
[2015.09.14-17.12.48:001][440]LogModuleManager: Shutting down and abandoning module SizeMap (167)
[2015.09.14-17.12.48:001][440]LogModuleManager: Shutting down and abandoning module TreeMap (166)
[2015.09.14-17.12.48:001][440]LogModuleManager: Shutting down and abandoning module ReferenceViewer (165)
[2015.09.14-17.12.48:001][440]LogModuleManager: Shutting down and abandoning module LocalizationService (164)
[2015.09.14-17.12.48:001][440]LogModuleManager: Shutting down and abandoning module LocalizationDashboard (163)
[2015.09.14-17.12.48:001][440]LogModuleManager: Shutting down and abandoning module HardwareTargeting (162)
[2015.09.14-17.12.48:001][440]LogModuleManager: Shutting down and abandoning module DeviceProfileEditor (161)
[2015.09.14-17.12.48:001][440]LogModuleManager: Shutting down and abandoning module UndoHistory (160)
[2015.09.14-17.12.48:001][440]LogModuleManager: Shutting down and abandoning module GameplayTagsEditor (159)
[2015.09.14-17.12.48:001][440]LogModuleManager: Shutting down and abandoning module UserFeedback (158)
[2015.09.14-17.12.48:001][440]LogModuleManager: Shutting down and abandoning module XmlParser (157)
[2015.09.14-17.12.48:001][440]LogModuleManager: Shutting down and abandoning module Blutility (156)
[2015.09.14-17.12.48:001][440]LogModuleManager: Shutting down and abandoning module ProjectTargetPlatformEditor (155)
[2015.09.14-17.12.48:001][440]LogModuleManager: Shutting down and abandoning module ProjectSettingsViewer (154)
[2015.09.14-17.12.48:001][440]LogModuleManager: Shutting down and abandoning module InputBindingEditor (153)
[2015.09.14-17.12.48:001][440]LogModuleManager: Shutting down and abandoning module EditorSettingsViewer (152)
[2015.09.14-17.12.48:001][440]LogModuleManager: Shutting down and abandoning module SettingsEditor (151)
[2015.09.14-17.12.48:001][440]LogModuleManager: Shutting down and abandoning module ProjectLauncher (150)
[2015.09.14-17.12.48:001][440]LogModuleManager: Shutting down and abandoning module SessionFrontend (149)
[2015.09.14-17.12.48:001][440]LogModuleManager: Shutting down and abandoning module ProfilerClient (148)
[2015.09.14-17.12.48:001][440]LogModuleManager: Shutting down and abandoning module TargetDeviceServices (147)
[2015.09.14-17.12.48:001][440]LogModuleManager: Shutting down and abandoning module DeviceManager (146)
[2015.09.14-17.12.48:001][440]LogModuleManager: Shutting down and abandoning module AutomationController (145)
[2015.09.14-17.12.48:002][440]LogModuleManager: Shutting down and abandoning module AutomationWindow (144)
[2015.09.14-17.12.48:002][440]LogModuleManager: Shutting down and abandoning module Layers (143)
[2015.09.14-17.12.48:002][440]LogModuleManager: Shutting down and abandoning module ComponentVisualizers (142)
[2015.09.14-17.12.48:002][440]LogModuleManager: Shutting down and abandoning module DetailCustomizations (141)
[2015.09.14-17.12.48:002][440]LogModuleManager: Shutting down and abandoning module PackagesDialog (140)
[2015.09.14-17.12.48:002][440]LogModuleManager: Shutting down and abandoning module Persona (139)
[2015.09.14-17.12.48:002][440]LogModuleManager: Shutting down and abandoning module Kismet (138)
[2015.09.14-17.12.48:002][440]LogModuleManager: Shutting down and abandoning module GraphEditor (137)
[2015.09.14-17.12.48:002][440]LogModuleManager: Shutting down and abandoning module ClassViewer (136)
[2015.09.14-17.12.48:003][440]LogModuleManager: Shutting down and abandoning module Toolbox (135)
[2015.09.14-17.12.48:003][440]LogModuleManager: Shutting down and abandoning module ModuleUI (134)
[2015.09.14-17.12.48:003][440]LogModuleManager: Shutting down and abandoning module MovieSceneTools (133)
[2015.09.14-17.12.48:003][440]LogModuleManager: Shutting down and abandoning module OutputLog (132)
[2015.09.14-17.12.48:003][440]LogModuleManager: Shutting down and abandoning module GammaUI (131)
[2015.09.14-17.12.48:003][440]LogModuleManager: Shutting down and abandoning module Documentation (130)
[2015.09.14-17.12.48:003][440]LogModuleManager: Shutting down and abandoning module GameLiveStreaming (129)
[2015.09.14-17.12.48:003][440]LogModuleManager: Shutting down and abandoning module StreamingPauseRendering (128)
[2015.09.14-17.12.48:003][440]LogModuleManager: Shutting down and abandoning module AnalyticsET (127)
[2015.09.14-17.12.48:003][440]LogModuleManager: Shutting down and abandoning module Analytics (126)
[2015.09.14-17.12.48:003][440]LogModuleManager: Shutting down and abandoning module AITestSuite (125)
[2015.09.14-17.12.48:003][440]LogModuleManager: Shutting down and abandoning module GameplayDebugger (124)
[2015.09.14-17.12.48:003][440]LogModuleManager: Shutting down and abandoning module AIModule (123)
[2015.09.14-17.12.48:003][440]LogModuleManager: Shutting down and abandoning module ProfilerService (122)
[2015.09.14-17.12.48:114][440]LogModuleManager: Shutting down and abandoning module TaskGraph (121)
[2015.09.14-17.12.48:115][440]LogModuleManager: Shutting down and abandoning module SlateRemote (120)
[2015.09.14-17.12.48:115][440]LogModuleManager: Shutting down and abandoning module SteamVRController (119)
[2015.09.14-17.12.48:115][440]LogModuleManager: Shutting down and abandoning module SteamVR (118)
[2015.09.14-17.12.48:115][440]LogModuleManager: Shutting down and abandoning module ProceduralMeshComponent (117)
[2015.09.14-17.12.48:115][440]LogModuleManager: Shutting down and abandoning module OculusRift (116)
[2015.09.14-17.12.48:115][440]LogModuleManager: Shutting down and abandoning module OculusLibrary (115)
[2015.09.14-17.12.48:115][440]LogModuleManager: Shutting down and abandoning module LeapMotionController (114)
[2015.09.14-17.12.48:135][440]LogModuleManager: Shutting down and abandoning module CustomMeshComponent (113)
[2015.09.14-17.12.48:135][440]LogModuleManager: Shutting down and abandoning module CableComponent (112)
[2015.09.14-17.12.48:135][440]LogModuleManager: Shutting down and abandoning module ArchVisCharacter (111)
[2015.09.14-17.12.48:135][440]LogModuleManager: Shutting down and abandoning module MessagingDebugger (110)
[2015.09.14-17.12.48:135][440]LogModuleManager: Shutting down and abandoning module MediaPlayerEditor (109)
[2015.09.14-17.12.48:135][440]LogModuleManager: Shutting down and abandoning module HTML5Networking (108)
[2015.09.14-17.12.48:135][440]LogModuleManager: Shutting down and abandoning module SpeedTreeImporter (107)
[2015.09.14-17.12.48:135][440]LogModuleManager: Shutting down and abandoning module PluginBrowser (106)
[2015.09.14-17.12.48:135][440]LogModuleManager: Shutting down and abandoning module EpicSurvey (105)
[2015.09.14-17.12.48:135][440]LogModuleManager: Shutting down and abandoning module DesktopPlatform (104)
[2015.09.14-17.12.48:135][440]LogModuleManager: Shutting down and abandoning module VisualStudioSourceCodeAccess (103)
[2015.09.14-17.12.48:135][440]LogModuleManager: Shutting down and abandoning module UObjectPlugin (102)
[2015.09.14-17.12.48:135][440]LogModuleManager: Shutting down and abandoning module SubversionSourceControl (101)
[2015.09.14-17.12.48:135][440]LogModuleManager: Shutting down and abandoning module PerforceSourceControl (100)
[2015.09.14-17.12.48:135][440]LogModuleManager: Shutting down and abandoning module SourceControl (99)
[2015.09.14-17.12.48:135][440]LogModuleManager: Shutting down and abandoning module GitSourceControl (98)
[2015.09.14-17.12.48:135][440]LogModuleManager: Shutting down and abandoning module LightPropagationVolumeEditor (97)
[2015.09.14-17.12.48:135][440]LogModuleManager: Shutting down and abandoning module PaperTiledImporter (96)
[2015.09.14-17.12.48:135][440]LogModuleManager: Shutting down and abandoning module PaperSpriteSheetImporter (95)
[2015.09.14-17.12.48:135][440]LogModuleManager: Shutting down and abandoning module MeshPaint (94)
[2015.09.14-17.12.48:135][440]LogModuleManager: Shutting down and abandoning module SlateReflector (93)
[2015.09.14-17.12.48:135][440]LogModuleManager: Shutting down and abandoning module HotReload (92)
[2015.09.14-17.12.48:135][440]LogModuleManager: Shutting down and abandoning module MainFrame (91)
[2015.09.14-17.12.48:135][440]LogModuleManager: Shutting down and abandoning module LevelEditor (90)
[2015.09.14-17.12.48:136][440]LogModuleManager: Shutting down and abandoning module DirectoryWatcher (89)
[2015.09.14-17.12.48:137][440]LogModuleManager: Shutting down and abandoning module AssetRegistry (88)
[2015.09.14-17.12.48:174][440]LogModuleManager: Shutting down and abandoning module ContentBrowser (87)
[2015.09.14-17.12.48:174][440]LogModuleManager: Shutting down and abandoning module Paper2DEditor (86)
[2015.09.14-17.12.48:174][440]LogModuleManager: Shutting down and abandoning module UdpMessaging (85)
[2015.09.14-17.12.48:275][440]LogModuleManager: Shutting down and abandoning module LightPropagationVolumeRuntime (84)
[2015.09.14-17.12.48:275][440]LogModuleManager: Shutting down and abandoning module Paper2D (83)
[2015.09.14-17.12.48:275][440]LogModuleManager: Shutting down and abandoning module WindowsMoviePlayer (82)
[2015.09.14-17.12.48:277][440]LogModuleManager: Shutting down and abandoning module Media (81)
[2015.09.14-17.12.48:277][440]LogModuleManager: Shutting down and abandoning module WmfMedia (80)
[2015.09.14-17.12.48:277][440]LogModuleManager: Shutting down and abandoning module OnlineBlueprintSupport (79)
[2015.09.14-17.12.48:277][440]LogModuleManager: Shutting down and abandoning module GameplayTasksEditor (78)
[2015.09.14-17.12.48:277][440]LogModuleManager: Shutting down and abandoning module PropertyEditor (77)
[2015.09.14-17.12.48:277][440]LogModuleManager: Shutting down and abandoning module BehaviorTreeEditor (76)
[2015.09.14-17.12.48:277][440]LogModuleManager: Shutting down and abandoning module FunctionalTesting (75)
[2015.09.14-17.12.48:277][440]LogModuleManager: Shutting down and abandoning module CollisionAnalyzer (74)
[2015.09.14-17.12.48:277][440]LogModuleManager: Shutting down and abandoning module WorkspaceMenuStructure (73)
[2015.09.14-17.12.48:277][440]LogModuleManager: Shutting down and abandoning module MessageLog (72)
[2015.09.14-17.12.48:277][440]LogModuleManager: Shutting down and abandoning module Sequencer (71)
[2015.09.14-17.12.48:277][440]LogModuleManager: Shutting down and abandoning module AssetTools (70)
[2015.09.14-17.12.48:277][440]LogModuleManager: Shutting down and abandoning module UMGEditor (69)
[2015.09.14-17.12.48:277][440]LogModuleManager: Shutting down and abandoning module UMG (68)
[2015.09.14-17.12.48:277][440]LogModuleManager: Shutting down and abandoning module Slate (67)
[2015.09.14-17.12.48:277][440]LogModuleManager: Shutting down and abandoning module EditorStyle (66)
[2015.09.14-17.12.48:279][440]LogModuleManager: Shutting down and abandoning module SessionServices (65)
[2015.09.14-17.12.48:279][440]LogModuleManager: Shutting down and abandoning module SourceCodeAccess (64)
[2015.09.14-17.12.48:279][440]LogModuleManager: Shutting down and abandoning module HeadMountedDisplay (63)
[2015.09.14-17.12.48:279][440]LogModuleManager: Shutting down and abandoning module XAudio2 (62)
[2015.09.14-17.12.48:279][440]LogModuleManager: Shutting down and abandoning module Networking (60)
[2015.09.14-17.12.48:279][440]LogModuleManager: Shutting down and abandoning module Core (59)
[2015.09.14-17.12.48:279][440]LogModuleManager: Shutting down and abandoning module KismetCompiler (58)
[2015.09.14-17.12.48:279][440]LogModuleManager: Shutting down and abandoning module PhysXFormats (57)
[2015.09.14-17.12.48:279][440]LogModuleManager: Shutting down and abandoning module MeshUtilities (56)
[2015.09.14-17.12.48:279][440]LogModuleManager: Shutting down and abandoning module CookingStats (55)
[2015.09.14-17.12.48:280][440]LogModuleManager: Shutting down and abandoning module DerivedDataCache (54)
[2015.09.14-17.12.48:350][440]LogDerivedDataCache: Shutdown
[2015.09.14-17.12.48:350][440]LogModuleManager: Shutting down and abandoning module ShaderFormatOpenGL (53)
[2015.09.14-17.12.48:350][440]LogModuleManager: Shutting down and abandoning module ShaderFormatD3D (52)
[2015.09.14-17.12.48:350][440]LogModuleManager: Shutting down and abandoning module MetalShaderFormat (51)
[2015.09.14-17.12.48:350][440]LogModuleManager: Shutting down and abandoning module TextureFormatUncompressed (50)
[2015.09.14-17.12.48:350][440]LogModuleManager: Shutting down and abandoning module TextureFormatPVR (49)
[2015.09.14-17.12.48:350][440]LogModuleManager: Shutting down and abandoning module TextureFormatIntelISPCTexComp (48)
[2015.09.14-17.12.48:350][440]LogModuleManager: Shutting down and abandoning module TextureFormatDXT (47)
[2015.09.14-17.12.48:350][440]LogModuleManager: Shutting down and abandoning module ImageWrapper (46)
[2015.09.14-17.12.48:350][440]LogModuleManager: Shutting down and abandoning module TextureFormatASTC (45)
[2015.09.14-17.12.48:350][440]LogModuleManager: Shutting down and abandoning module TextureFormatAndroid (44)
[2015.09.14-17.12.48:350][440]LogModuleManager: Shutting down and abandoning module AudioFormatOpus (43)
[2015.09.14-17.12.48:350][440]LogModuleManager: Shutting down and abandoning module AudioFormatOgg (42)
[2015.09.14-17.12.48:350][440]LogModuleManager: Shutting down and abandoning module AudioFormatADPCM (41)
[2015.09.14-17.12.48:350][440]LogModuleManager: Shutting down and abandoning module LinuxTargetPlatform (40)
[2015.09.14-17.12.48:350][440]LogModuleManager: Shutting down and abandoning module LinuxServerTargetPlatform (39)
[2015.09.14-17.12.48:350][440]LogModuleManager: Shutting down and abandoning module LinuxNoEditorTargetPlatform (38)
[2015.09.14-17.12.48:350][440]LogModuleManager: Shutting down and abandoning module Messaging (37)
[2015.09.14-17.12.48:350][440]LogModuleManager: Shutting down and abandoning module IOSTargetPlatform (36)
[2015.09.14-17.12.48:350][440]LogModuleManager: Shutting down and abandoning module HTML5TargetPlatform (35)
[2015.09.14-17.12.48:350][440]LogModuleManager: Shutting down and abandoning module Android_PVRTCTargetPlatform (34)
[2015.09.14-17.12.48:350][440]LogModuleManager: Shutting down and abandoning module Android_ETC2TargetPlatform (33)
[2015.09.14-17.12.48:350][440]LogModuleManager: Shutting down and abandoning module Android_ETC1TargetPlatform (32)
[2015.09.14-17.12.48:350][440]LogModuleManager: Shutting down and abandoning module Android_DXTTargetPlatform (31)
[2015.09.14-17.12.48:350][440]LogModuleManager: Shutting down and abandoning module Android_ATCTargetPlatform (30)
[2015.09.14-17.12.48:350][440]LogModuleManager: Shutting down and abandoning module Android_ASTCTargetPlatform (29)
[2015.09.14-17.12.48:350][440]LogModuleManager: Shutting down and abandoning module AndroidTargetPlatform (28)
[2015.09.14-17.12.48:350][440]LogModuleManager: Shutting down and abandoning module WindowsTargetPlatform (27)
[2015.09.14-17.12.48:350][440]LogModuleManager: Shutting down and abandoning module WindowsServerTargetPlatform (26)
[2015.09.14-17.12.48:350][440]LogModuleManager: Shutting down and abandoning module WindowsNoEditorTargetPlatform (25)
[2015.09.14-17.12.48:350][440]LogModuleManager: Shutting down and abandoning module WindowsClientTargetPlatform (24)
[2015.09.14-17.12.48:350][440]LogModuleManager: Shutting down and abandoning module AllDesktopTargetPlatform (23)
[2015.09.14-17.12.48:350][440]LogModuleManager: Shutting down and abandoning module TargetPlatform (22)
[2015.09.14-17.12.48:350][440]LogModuleManager: Shutting down and abandoning module InputCore (21)
[2015.09.14-17.12.48:350][440]LogModuleManager: Shutting down and abandoning module Settings (20)
[2015.09.14-17.12.48:350][440]LogModuleManager: Shutting down and abandoning module OnlineSubsystem (18)
[2015.09.14-17.12.48:351][440]LogModuleManager: Shutting down and abandoning module HTTP (17)
[2015.09.14-17.12.49:352][440]LogModuleManager: Shutting down and abandoning module XMPP (16)
[2015.09.14-17.12.49:352][440]LogModuleManager: Shutting down and abandoning module ExampleDeviceProfileSelector (15)
[2015.09.14-17.12.49:352][440]LogModuleManager: Shutting down and abandoning module TextureCompressor (14)
[2015.09.14-17.12.49:352][440]LogModuleManager: Shutting down and abandoning module ShaderCore (13)
[2015.09.14-17.12.49:352][440]LogModuleManager: Shutting down and abandoning module Landscape (12)
[2015.09.14-17.12.49:352][440]LogModuleManager: Shutting down and abandoning module SlateRHIRenderer (11)
[2015.09.14-17.12.49:353][440]LogModuleManager: Shutting down and abandoning module OpenGLDrv (10)
[2015.09.14-17.12.49:353][440]LogModuleManager: Shutting down and abandoning module D3D11RHI (9)
[2015.09.14-17.12.49:353][440]LogModuleManager: Shutting down and abandoning module AnimGraphRuntime (8)
[2015.09.14-17.12.49:353][440]LogModuleManager: Shutting down and abandoning module Renderer (7)
[2015.09.14-17.12.49:353][440]LogModuleManager: Shutting down and abandoning module Engine (6)
[2015.09.14-17.12.49:353][440]LogModuleManager: Shutting down and abandoning module CoreUObject (5)
[2015.09.14-17.12.49:353][440]LogModuleManager: Shutting down and abandoning module NetworkFile (4)
[2015.09.14-17.12.49:353][440]LogModuleManager: Shutting down and abandoning module StreamingFile (3)
[2015.09.14-17.12.49:353][440]LogModuleManager: Shutting down and abandoning module SandboxFile (2)
[2015.09.14-17.12.49:353][440]LogModuleManager: Shutting down and abandoning module PakFile (1)
[2015.09.14-17.12.49:354][440]LogExit: Exiting.
[2015.09.14-17.12.49:369][440]Log file closed, 09/14/15 19:12:49
